Mutate Drone;179;479;50;0
Spawn Larva;479;779;0;0
Mutate Drone;536;836;50;0
Mutate Extractor;479;1079;50;0
Mutate Spawning Pool;0;1200;200;0
Spawn Larva;1524;1824;0;0
Mutate Drone;1746;2046;50;0
Mutate Hydralisk Den;1746;2346;100;50
Spawn Larva;2046;2346;0;0
Mutate Lair;1200;2700;150;100
Mutate Hydralisk;2346;2766;75;25
Mutate Hydralisk;2346;2766;75;25
Spawn Larva;2766;3066;0;0
Spawn Larva;3066;3366;0;0
Mutate Drone;3066;3366;50;0
Mutate Queen's Nest;2700;3600;150;100
Spawn Larva;3366;3666;0;0
Mutate Spawning Pool;3789;4989;200;0
Mutate Hive;3600;5400;200;150
Mutate Ultralisk Cavern;5400;6600;150;200
Mutate Ultralisk;6600;7500;200;200
